<?xml version="1.0" encoding="UTF-8"?>
<testng-results skipped="0" failed="1" total="1" passed="0">
  <reporter-output>
  </reporter-output>
  <suite name="Default suite" duration-ms="77" started-at="2017-01-27T02:22:53Z" finished-at="2017-01-27T02:22:53Z">
    <groups>
    </groups>
    <test name="Default test" duration-ms="77" started-at="2017-01-27T02:22:53Z" finished-at="2017-01-27T02:22:53Z">
      <class name="companyname.projectname.pagelibrary.testscripts.TC_001_RegistrationTest">
        <test-method status="PASS" signature="setUp()[pri:0, instance:companyname.projectname.pagelibrary.testscripts.TC_001_RegistrationTest@29774679]" name="setUp" is-config="true" duration-ms="36" started-at="2017-01-26T18:22:53Z" finished-at="2017-01-26T18:22:53Z">
          <reporter-output>
          </reporter-output>
        </test-method> <!-- setUp -->
        <test-method status="FAIL" signature="simpletest()[pri:0, instance:companyname.projectname.pagelibrary.testscripts.TC_001_RegistrationTest@29774679]" name="simpletest" duration-ms="14" started-at="2017-01-26T18:22:53Z" finished-at="2017-01-26T18:22:53Z">
          <exception class="java.lang.NullPointerException">
            <full-stacktrace>
              <![CDATA[java.lang.NullPointerException
	at companyname.projectname.pagelibrary.CreateAnAccount.SignINButton(CreateAnAccount.java:47)
	at companyname.projectname.pagelibrary.testscripts.TC_001_RegistrationTest.simpletest(TC_001_RegistrationTest.java:30)
	at sun.reflect.NativeMethodAccessorImpl.invoke0(Native Method)
	at sun.reflect.NativeMethodAccessorImpl.invoke(Unknown Source)
	at sun.reflect.DelegatingMethodAccessorImpl.invoke(Unknown Source)
	at java.lang.reflect.Method.invoke(Unknown Source)
	at org.testng.internal.MethodInvocationHelper.invokeMethod(MethodInvocationHelper.java:80)
	at org.testng.internal.Invoker.invokeMethod(Invoker.java:714)
	at org.testng.internal.Invoker.invokeTestMethod(Invoker.java:901)
	at org.testng.internal.Invoker.invokeTestMethods(Invoker.java:1231)
	at org.testng.internal.TestMethodWorker.invokeTestMethods(TestMethodWorker.java:127)
	at org.testng.internal.TestMethodWorker.run(TestMethodWorker.java:111)
	at org.testng.TestRunner.privateRun(TestRunner.java:767)
	at org.testng.TestRunner.run(TestRunner.java:617)
	at org.testng.SuiteRunner.runTest(SuiteRunner.java:334)
	at org.testng.SuiteRunner.runSequentially(SuiteRunner.java:329)
	at org.testng.SuiteRunner.privateRun(SuiteRunner.java:291)
	at org.testng.SuiteRunner.run(SuiteRunner.java:240)
	at org.testng.SuiteRunnerWorker.runSuite(SuiteRunnerWorker.java:52)
	at org.testng.SuiteRunnerWorker.run(SuiteRunnerWorker.java:86)
	at org.testng.TestNG.runSuitesSequentially(TestNG.java:1198)
	at org.testng.TestNG.runSuitesLocally(TestNG.java:1123)
	at org.testng.TestNG.run(TestNG.java:1031)
	at org.testng.remote.AbstractRemoteTestNG.run(AbstractRemoteTestNG.java:132)
	at org.testng.remote.RemoteTestNG.initAndRun(RemoteTestNG.java:236)
	at org.testng.remote.RemoteTestNG.main(RemoteTestNG.java:81)
]]>
            </full-stacktrace>
          </exception> <!-- java.lang.NullPointerException -->
          <reporter-output>
          </reporter-output>
        </test-method> <!-- simpletest -->
      </class> <!-- companyname.projectname.pagelibrary.testscripts.TC_001_RegistrationTest -->
    </test> <!-- Default test -->
  </suite> <!-- Default suite -->
</testng-results>
